Arguments: 
  C:\Program Files\nodejs\node.exe C:\Program Files (x86)\Yarn\bin\yarn.js add cypress --dev

PATH: 
  C:\WINDOWS\system32;C:\WINDOWS;C:\WINDOWS\System32\Wbem;C:\WINDOWS\System32\WindowsPowerShell\v1.0\;C:\WINDOWS\System32\OpenSSH\;C:\Program Files\nodejs\;C:\Program Files\dotnet\;C:\Program Files\Git\cmd;C:\Program Files (x86)\Yarn\bin\;C:\Users\ACER\AppData\Local\Microsoft\WindowsApps;;C:\Users\ACER\AppData\Local\Programs\Microsoft VS Code\bin;C:\Users\ACER\AppData\Roaming\npm;C:\Users\ACER\AppData\Local\Yarn\bin

Yarn version: 
  1.22.19

Node version: 
  16.14.2

Platform: 
  win32 x64

Trace: 
  Error: EPERM: operation not permitted, unlink 'C:\Users\ACER\Desktop\Vue Project\e-commerce\node_modules\@esbuild\win32-x64\esbuild.exe'

npm manifest: 
  {
    "name": "e-commerce",
    "version": "0.0.0",
    "private": true,
    "scripts": {
      "dev": "vite",
      "build": "vite build",
      "preview": "vite preview"
    },
    "dependencies": {
      "pinia": "^2.1.6",
      "vue": "^3.3.4",
      "vue-router": "^4.2.4"
    },
    "devDependencies": {
      "@vitejs/plugin-vue": "^4.3.4",
      "vite": "^4.4.9"
    }
  }

yarn manifest: 
  No manifest

Lockfile: 
  No lockfile
